<?xml version="1.0" encoding="utf-8"?><testsuites name="pytest tests"><testsuite name="pytest" errors="0" failures="7" skipped="0" tests="7" time="0.160" timestamp="2026-04-13T09:48:50.952453+05:30" hostname="YogeshHKulkarni"><testcase classname="image_based.simpleencoderdecoder.test_simple_encoderdecoder.TestSimpleEncoderDecoder" name="test_01_model_instantiation" time="0.003"><failure message="ModuleNotFoundError: No module named 'tensorflow'">E   ModuleNotFoundError: No module named 'tensorflow'</failure></testcase><testcase classname="image_based.simpleencoderdecoder.test_simple_encoderdecoder.TestSimpleEncoderDecoder" name="test_02_model_has_keras_model" time="0.002"><failure message="ModuleNotFoundError: No module named 'tensorflow'">E   ModuleNotFoundError: No module named 'tensorflow'</failure></testcase><testcase classname="image_based.simpleencoderdecoder.test_simple_encoderdecoder.TestSimpleEncoderDecoder" name="test_03_predict_returns_tuple" time="0.001"><failure message="ModuleNotFoundError: No module named 'tensorflow'">E   ModuleNotFoundError: No module named 'tensorflow'</failure></testcase><testcase classname="image_based.simpleencoderdecoder.test_simple_encoderdecoder.TestSimpleEncoderDecoder" name="test_04_output_shape_matches_input" time="0.002"><failure message="ModuleNotFoundError: No module named 'tensorflow'">E   ModuleNotFoundError: No module named 'tensorflow'</failure></testcase><testcase classname="image_based.simpleencoderdecoder.test_simple_encoderdecoder.TestSimpleEncoderDecoder" name="test_05_output_range" time="0.002"><failure message="ModuleNotFoundError: No module named 'tensorflow'">E   ModuleNotFoundError: No module named 'tensorflow'</failure></testcase><testcase classname="image_based.simpleencoderdecoder.test_simple_encoderdecoder.TestSimpleEncoderDecoder" name="test_06_data_folder_exists" time="0.002"><failure message="ModuleNotFoundError: No module named 'tensorflow'">E   ModuleNotFoundError: No module named 'tensorflow'</failure></testcase><testcase classname="image_based.simpleencoderdecoder.test_simple_encoderdecoder.TestSimpleEncoderDecoder" name="test_07_png_pairs_present" time="0.002"><failure message="ModuleNotFoundError: No module named 'tensorflow'">E   ModuleNotFoundError: No module named 'tensorflow'</failure></testcase></testsuite></testsuites>